{"C:\\Users\\Gamer\\Documents\\Find_A_Friend-API\\find_a_friend-api\\src\\repositories\\in-memory\\in-memory-organizations-repository.ts": {"path":"C:\\Users\\Gamer\\Documents\\Find_A_Friend-API\\find_a_friend-api\\src\\repositories\\in-memory\\in-memory-organizations-repository.ts","all":false,"statementMap":{"0":{"start":{"line":1,"column":0},"end":{"line":1,"column":54}},"1":{"start":{"line":2,"column":0},"end":{"line":2,"column":70}},"2":{"start":{"line":3,"column":0},"end":{"line":3,"column":0}},"3":{"start":{"line":4,"column":0},"end":{"line":4,"column":0}},"4":{"start":{"line":5,"column":0},"end":{"line":5,"column":81}},"5":{"start":{"line":6,"column":0},"end":{"line":6,"column":38}},"6":{"start":{"line":7,"column":0},"end":{"line":7,"column":0}},"7":{"start":{"line":8,"column":0},"end":{"line":8,"column":56}},"8":{"start":{"line":9,"column":0},"end":{"line":9,"column":64}},"9":{"start":{"line":10,"column":0},"end":{"line":10,"column":0}},"10":{"start":{"line":11,"column":0},"end":{"line":11,"column":38}},"11":{"start":{"line":12,"column":0},"end":{"line":12,"column":0}},"12":{"start":{"line":13,"column":0},"end":{"line":13,"column":28}},"13":{"start":{"line":14,"column":0},"end":{"line":14,"column":5}},"14":{"start":{"line":15,"column":0},"end":{"line":15,"column":0}},"15":{"start":{"line":16,"column":0},"end":{"line":16,"column":36}},"16":{"start":{"line":17,"column":0},"end":{"line":17,"column":91}},"17":{"start":{"line":18,"column":0},"end":{"line":18,"column":0}},"18":{"start":{"line":19,"column":0},"end":{"line":19,"column":38}},"19":{"start":{"line":20,"column":0},"end":{"line":20,"column":0}},"20":{"start":{"line":21,"column":0},"end":{"line":21,"column":28}},"21":{"start":{"line":22,"column":0},"end":{"line":22,"column":5}},"22":{"start":{"line":23,"column":0},"end":{"line":23,"column":0}},"23":{"start":{"line":24,"column":0},"end":{"line":24,"column":1}}},"s":{"0":1,"1":1,"2":1,"3":1,"4":1,"5":1,"6":1,"7":1,"8":3,"9":3,"10":3,"11":3,"12":3,"13":3,"14":1,"15":1,"16":3,"17":3,"18":3,"19":0,"20":0,"21":0,"22":1,"23":1},"branchMap":{"0":{"type":"branch","line":6,"loc":{"start":{"line":6,"column":11},"end":{"line":6,"column":37}},"locations":[{"start":{"line":6,"column":11},"end":{"line":6,"column":37}}]},"1":{"type":"branch","line":8,"loc":{"start":{"line":8,"column":4},"end":{"line":14,"column":5}},"locations":[{"start":{"line":8,"column":4},"end":{"line":14,"column":5}}]},"2":{"type":"branch","line":16,"loc":{"start":{"line":16,"column":4},"end":{"line":22,"column":5}},"locations":[{"start":{"line":16,"column":4},"end":{"line":22,"column":5}}]},"3":{"type":"branch","line":19,"loc":{"start":{"line":19,"column":37},"end":{"line":22,"column":5}},"locations":[{"start":{"line":19,"column":37},"end":{"line":22,"column":5}}]}},"b":{"0":[3],"1":[3],"2":[3],"3":[0]},"fnMap":{"0":{"name":"<instance_members_initializer>","decl":{"start":{"line":6,"column":11},"end":{"line":6,"column":37}},"loc":{"start":{"line":6,"column":11},"end":{"line":6,"column":37}},"line":6},"1":{"name":"create","decl":{"start":{"line":8,"column":4},"end":{"line":14,"column":5}},"loc":{"start":{"line":8,"column":4},"end":{"line":14,"column":5}},"line":8},"2":{"name":"findEmail","decl":{"start":{"line":16,"column":4},"end":{"line":22,"column":5}},"loc":{"start":{"line":16,"column":4},"end":{"line":22,"column":5}},"line":16}},"f":{"0":3,"1":3,"2":3}}
,"C:\\Users\\Gamer\\Documents\\Find_A_Friend-API\\find_a_friend-api\\src\\use-cases\\createOrganization.ts": {"path":"C:\\Users\\Gamer\\Documents\\Find_A_Friend-API\\find_a_friend-api\\src\\use-cases\\createOrganization.ts","all":false,"statementMap":{"0":{"start":{"line":1,"column":0},"end":{"line":1,"column":32}},"1":{"start":{"line":2,"column":0},"end":{"line":2,"column":83}},"2":{"start":{"line":3,"column":0},"end":{"line":3,"column":78}},"3":{"start":{"line":4,"column":0},"end":{"line":4,"column":0}},"4":{"start":{"line":5,"column":0},"end":{"line":5,"column":35}},"5":{"start":{"line":6,"column":0},"end":{"line":6,"column":14}},"6":{"start":{"line":7,"column":0},"end":{"line":7,"column":15}},"7":{"start":{"line":8,"column":0},"end":{"line":8,"column":18}},"8":{"start":{"line":9,"column":0},"end":{"line":9,"column":15}},"9":{"start":{"line":10,"column":0},"end":{"line":10,"column":12}},"10":{"start":{"line":11,"column":0},"end":{"line":11,"column":17}},"11":{"start":{"line":12,"column":0},"end":{"line":12,"column":19}},"12":{"start":{"line":13,"column":0},"end":{"line":13,"column":20}},"13":{"start":{"line":14,"column":0},"end":{"line":14,"column":3}},"14":{"start":{"line":15,"column":0},"end":{"line":15,"column":1}},"15":{"start":{"line":16,"column":0},"end":{"line":16,"column":0}},"16":{"start":{"line":17,"column":0},"end":{"line":17,"column":40}},"17":{"start":{"line":18,"column":0},"end":{"line":18,"column":74}},"18":{"start":{"line":19,"column":0},"end":{"line":19,"column":0}},"19":{"start":{"line":20,"column":0},"end":{"line":20,"column":85}},"20":{"start":{"line":21,"column":0},"end":{"line":21,"column":0}},"21":{"start":{"line":22,"column":0},"end":{"line":22,"column":50}},"22":{"start":{"line":23,"column":0},"end":{"line":23,"column":0}},"23":{"start":{"line":24,"column":0},"end":{"line":24,"column":89}},"24":{"start":{"line":25,"column":0},"end":{"line":25,"column":0}},"25":{"start":{"line":26,"column":0},"end":{"line":26,"column":35}},"26":{"start":{"line":27,"column":0},"end":{"line":27,"column":42}},"27":{"start":{"line":28,"column":0},"end":{"line":28,"column":5}},"28":{"start":{"line":29,"column":0},"end":{"line":29,"column":0}},"29":{"start":{"line":30,"column":0},"end":{"line":30,"column":68}},"30":{"start":{"line":31,"column":0},"end":{"line":31,"column":11}},"31":{"start":{"line":32,"column":0},"end":{"line":32,"column":12}},"32":{"start":{"line":33,"column":0},"end":{"line":33,"column":20}},"33":{"start":{"line":34,"column":0},"end":{"line":34,"column":12}},"34":{"start":{"line":35,"column":0},"end":{"line":35,"column":16}},"35":{"start":{"line":36,"column":0},"end":{"line":36,"column":17}},"36":{"start":{"line":37,"column":0},"end":{"line":37,"column":29}},"37":{"start":{"line":38,"column":0},"end":{"line":38,"column":33}},"38":{"start":{"line":39,"column":0},"end":{"line":39,"column":36}},"39":{"start":{"line":40,"column":0},"end":{"line":40,"column":9}},"40":{"start":{"line":41,"column":0},"end":{"line":41,"column":7}},"41":{"start":{"line":42,"column":0},"end":{"line":42,"column":7}},"42":{"start":{"line":43,"column":0},"end":{"line":43,"column":0}},"43":{"start":{"line":44,"column":0},"end":{"line":44,"column":25}},"44":{"start":{"line":45,"column":0},"end":{"line":45,"column":3}},"45":{"start":{"line":46,"column":0},"end":{"line":46,"column":1}}},"s":{"0":1,"1":1,"2":1,"3":1,"4":1,"5":1,"6":1,"7":1,"8":1,"9":1,"10":1,"11":1,"12":1,"13":1,"14":1,"15":1,"16":1,"17":1,"18":1,"19":1,"20":4,"21":4,"22":3,"23":3,"24":3,"25":4,"26":0,"27":0,"28":3,"29":3,"30":3,"31":3,"32":3,"33":3,"34":3,"35":3,"36":3,"37":3,"38":3,"39":3,"40":3,"41":3,"42":3,"43":3,"44":3,"45":1},"branchMap":{"0":{"type":"branch","line":18,"loc":{"start":{"line":18,"column":2},"end":{"line":18,"column":74}},"locations":[{"start":{"line":18,"column":2},"end":{"line":18,"column":74}}]},"1":{"type":"branch","line":20,"loc":{"start":{"line":20,"column":2},"end":{"line":45,"column":3}},"locations":[{"start":{"line":20,"column":2},"end":{"line":45,"column":3}}]},"2":{"type":"branch","line":22,"loc":{"start":{"line":22,"column":49},"end":{"line":26,"column":34}},"locations":[{"start":{"line":22,"column":49},"end":{"line":26,"column":34}}]},"3":{"type":"branch","line":26,"loc":{"start":{"line":26,"column":34},"end":{"line":28,"column":5}},"locations":[{"start":{"line":26,"column":34},"end":{"line":28,"column":5}}]},"4":{"type":"branch","line":28,"loc":{"start":{"line":28,"column":4},"end":{"line":45,"column":3}},"locations":[{"start":{"line":28,"column":4},"end":{"line":45,"column":3}}]}},"b":{"0":[3],"1":[4],"2":[3],"3":[0],"4":[3]},"fnMap":{"0":{"name":"CreateOrganizationUseCase","decl":{"start":{"line":18,"column":2},"end":{"line":18,"column":74}},"loc":{"start":{"line":18,"column":2},"end":{"line":18,"column":74}},"line":18},"1":{"name":"execute","decl":{"start":{"line":20,"column":2},"end":{"line":45,"column":3}},"loc":{"start":{"line":20,"column":2},"end":{"line":45,"column":3}},"line":20}},"f":{"0":3,"1":4}}
,"C:\\Users\\Gamer\\Documents\\Find_A_Friend-API\\find_a_friend-api\\src\\use-cases\\errors\\email-already-exists-error.ts": {"path":"C:\\Users\\Gamer\\Documents\\Find_A_Friend-API\\find_a_friend-api\\src\\use-cases\\errors\\email-already-exists-error.ts","all":false,"statementMap":{"0":{"start":{"line":1,"column":0},"end":{"line":1,"column":51}},"1":{"start":{"line":2,"column":0},"end":{"line":2,"column":19}},"2":{"start":{"line":3,"column":0},"end":{"line":3,"column":39}},"3":{"start":{"line":4,"column":0},"end":{"line":4,"column":5}},"4":{"start":{"line":5,"column":0},"end":{"line":5,"column":1}}},"s":{"0":1,"1":1,"2":0,"3":0,"4":1},"branchMap":{},"b":{},"fnMap":{"0":{"name":"EmailAlreadyExistsError","decl":{"start":{"line":2,"column":4},"end":{"line":4,"column":5}},"loc":{"start":{"line":2,"column":4},"end":{"line":4,"column":5}},"line":2}},"f":{"0":0}}
}
