TN:
SF:src\repositories\in-memory\in-memory-organizations-repository.ts
FN:6,<instance_members_initializer>
FN:8,create
FN:16,findEmail
FNF:3
FNH:3
FNDA:3,<instance_members_initializer>
FNDA:3,create
FNDA:3,findEmail
DA:1,1
DA:2,1
DA:3,1
DA:4,1
DA:5,1
DA:6,1
DA:7,1
DA:8,1
DA:9,3
DA:10,3
DA:11,3
DA:12,3
DA:13,3
DA:14,3
DA:15,1
DA:16,1
DA:17,3
DA:18,3
DA:19,3
DA:20,0
DA:21,0
DA:22,0
DA:23,1
DA:24,1
LF:24
LH:21
BRDA:6,0,0,3
BRDA:8,1,0,3
BRDA:16,2,0,3
BRDA:19,3,0,0
BRF:4
BRH:3
end_of_record
TN:
SF:src\use-cases\createOrganization.ts
FN:18,CreateOrganizationUseCase
FN:20,execute
FNF:2
FNH:2
FNDA:3,CreateOrganizationUseCase
FNDA:4,execute
DA:1,1
DA:2,1
DA:3,1
DA:4,1
DA:5,1
DA:6,1
DA:7,1
DA:8,1
DA:9,1
DA:10,1
DA:11,1
DA:12,1
DA:13,1
DA:14,1
DA:15,1
DA:16,1
DA:17,1
DA:18,1
DA:19,1
DA:20,1
DA:21,4
DA:22,4
DA:23,3
DA:24,3
DA:25,3
DA:26,4
DA:27,0
DA:28,0
DA:29,3
DA:30,3
DA:31,3
DA:32,3
DA:33,3
DA:34,3
DA:35,3
DA:36,3
DA:37,3
DA:38,3
DA:39,3
DA:40,3
DA:41,3
DA:42,3
DA:43,3
DA:44,3
DA:45,3
DA:46,1
LF:46
LH:44
BRDA:18,0,0,3
BRDA:20,1,0,4
BRDA:22,2,0,3
BRDA:26,3,0,0
BRDA:28,4,0,3
BRF:5
BRH:4
end_of_record
TN:
SF:src\use-cases\errors\email-already-exists-error.ts
FN:2,EmailAlreadyExistsError
FNF:1
FNH:0
FNDA:0,EmailAlreadyExistsError
DA:1,1
DA:2,1
DA:3,0
DA:4,0
DA:5,1
LF:5
LH:3
BRF:0
BRH:0
end_of_record
